<?xml version="1.0" encoding="UTF-8"?>
<testsuite xmlns:xsi="http://www.w3.org/2001/XMLSchema-instance" xsi:noNamespaceSchemaLocation="https://maven.apache.org/surefire/maven-surefire-plugin/xsd/surefire-test-report.xsd" name="profile.com.AppTest" time="0.124" tests="1" errors="0" skipped="0" failures="0">
  <properties>
    <property name="java.specification.version" value="22"/>
    <property name="sun.cpu.isalist" value="amd64"/>
    <property name="sun.jnu.encoding" value="Cp1252"/>
    <property name="java.class.path" value="C:\Users\Adin\OneDrive\Desktop\maven_F\profiles\target\test-classes;C:\Users\Adin\OneDrive\Desktop\maven_F\profiles\target\classes;C:\Users\Adin\.m2\repository\junit\junit\4.11\junit-4.11.jar;C:\Users\Adin\.m2\repository\org\hamcrest\hamcrest-core\1.3\hamcrest-core-1.3.jar;"/>
    <property name="java.vm.vendor" value="Oracle Corporation"/>
    <property name="sun.arch.data.model" value="64"/>
    <property name="user.variant" value=""/>
    <property name="java.vendor.url" value="https://java.oracle.com/"/>
    <property name="user.timezone" value="Asia/Calcutta"/>
    <property name="os.name" value="Windows 11"/>
    <property name="java.vm.specification.version" value="22"/>
    <property name="sun.java.launcher" value="SUN_STANDARD"/>
    <property name="user.country" value="US"/>
    <property name="sun.boot.library.path" value="C:\Program Files\Java\jdk-22\bin"/>
    <property name="sun.java.command" value="C:\Users\Adin\AppData\Local\Temp\surefire715358263733633459\surefirebooter17977278348104806023.jar C:\Users\Adin\AppData\Local\Temp\surefire715358263733633459 2024-10-17T00-27-55_778-jvmRun1 surefire17937805855422405717tmp surefire_012254241561952137009tmp"/>
    <property name="jdk.debug" value="release"/>
    <property name="surefire.test.class.path" value="C:\Users\Adin\OneDrive\Desktop\maven_F\profiles\target\test-classes;C:\Users\Adin\OneDrive\Desktop\maven_F\profiles\target\classes;C:\Users\Adin\.m2\repository\junit\junit\4.11\junit-4.11.jar;C:\Users\Adin\.m2\repository\org\hamcrest\hamcrest-core\1.3\hamcrest-core-1.3.jar;"/>
    <property name="sun.cpu.endian" value="little"/>
    <property name="user.home" value="C:\Users\Adin"/>
    <property name="user.language" value="en"/>
    <property name="java.specification.vendor" value="Oracle Corporation"/>
    <property name="java.version.date" value="2024-07-16"/>
    <property name="java.home" value="C:\Program Files\Java\jdk-22"/>
    <property name="file.separator" value="\"/>
    <property name="basedir" value="C:\Users\Adin\OneDrive\Desktop\maven_F\profiles"/>
    <property name="java.vm.compressedOopsMode" value="32-bit"/>
    <property name="line.separator" value="&#10;"/>
    <property name="java.vm.specification.vendor" value="Oracle Corporation"/>
    <property name="java.specification.name" value="Java Platform API Specification"/>
    <property name="surefire.real.class.path" value="C:\Users\Adin\AppData\Local\Temp\surefire715358263733633459\surefirebooter17977278348104806023.jar"/>
    <property name="user.script" value=""/>
    <property name="sun.management.compiler" value="HotSpot 64-Bit Tiered Compilers"/>
    <property name="java.runtime.version" value="22.0.2+9-70"/>
    <property name="user.name" value="Adin"/>
    <property name="stdout.encoding" value="Cp1252"/>
    <property name="path.separator" value=";"/>
    <property name="os.version" value="10.0"/>
    <property name="java.runtime.name" value="Java(TM) SE Runtime Environment"/>
    <property name="file.encoding" value="UTF-8"/>
    <property name="java.vm.name" value="Java HotSpot(TM) 64-Bit Server VM"/>
    <property name="localRepository" value="C:\Users\Adin\.m2\repository"/>
    <property name="java.vendor.url.bug" value="https://bugreport.java.com/bugreport/"/>
    <property name="java.io.tmpdir" value="C:\Users\Adin\AppData\Local\Temp\"/>
    <property name="java.version" value="22.0.2"/>
    <property name="user.dir" value="C:\Users\Adin\OneDrive\Desktop\maven_F\profiles"/>
    <property name="os.arch" value="amd64"/>
    <property name="java.vm.specification.name" value="Java Virtual Machine Specification"/>
    <property name="sun.os.patch.level" value=""/>
    <property name="native.encoding" value="Cp1252"/>
    <property name="java.library.path" value="C:\Program Files\Java\jdk-22\bin;C:\WINDOWS\Sun\Java\bin;C:\WINDOWS\system32;C:\WINDOWS;C:\Program Files\Common Files\Oracle\Java\javapath;C:\WINDOWS\system32;C:\WINDOWS;C:\WINDOWS\System32\Wbem;C:\WINDOWS\System32\WindowsPowerShell\v1.0\;C:\WINDOWS\System32\OpenSSH\;C:\Windows\System32\cmd.exe;C:\Program Files\Git\cmd;C:\Program Files\nodejs\;C:\ProgramData\chocolatey\bin;C:\Program Files\nodejs\node_modules\npm\bin;C:\Users\Adin\Downloads\apache-maven-3.9.8-bin\apache-maven-3.9.8\bin;C:\Program Files\Java\jdk-22\bin;C:\Users\Adin\Downloads\hadoop-3.4.0\hadoop-3.4.0\bin;C:\Users\Adin\Downloads\hadoop-3.4.0\hadoop-3.4.0\sbin;C:\Users\Adin\Downloads\hadoop-3.4.0\hadoop-3.4.0\etc\hadoop;C:\Program Files\Java\jdk-21\bin;C:\Users\Adin\Downloads\Turbo.C.3.2\Turbo.C.3.2\WinRoot\TURBOC3\BIN;C:\Users\Adin\anaconda3;C:\Users\Adin\anaconda3\Library\mingw-w64\bin;C:\Users\Adin\anaconda3\Library\usr\bin;C:\Users\Adin\anaconda3\Library\bin;C:\Users\Adin\anaconda3\Scripts;C:\Users\Adin\AppData\Local\Programs\Python\Python312\Scripts\;C:\Users\Adin\AppData\Local\Programs\Python\Python312\;C:\Users\Adin\AppData\Local\Microsoft\WindowsApps;C:\Windows\System32\cmd.exe;C:\Users\Adin\AppData\Local\Programs\Microsoft VS Code\bin;C:\Users\Adin\AppData\Roaming\npm;C:\Program Files\nodejs\node_modules\npm\bin;C:\Users\Adin\Downloads\apache-maven-3.9.8-bin\apache-maven-3.9.8;C:\Program Files\Java\jdk-22;C:\Program Files\Java\jdk-21;;."/>
    <property name="java.vm.info" value="mixed mode, sharing"/>
    <property name="stderr.encoding" value="Cp1252"/>
    <property name="java.vendor" value="Oracle Corporation"/>
    <property name="java.vm.version" value="22.0.2+9-70"/>
    <property name="sun.io.unicode.encoding" value="UnicodeLittle"/>
    <property name="java.class.version" value="66.0"/>
  </properties>
  <testcase name="shouldAnswerWithTrue" classname="profile.com.AppTest" time="0.006"/>
</testsuite>